C51 COMPILER V9.01   MAIN                                                                  11/09/2021 16:05:52 PAGE 1   


C51 COMPILER V9.01, COMPILATION OF MODULE MAIN
OBJECT MODULE PLACED IN .\Obj\main.obj
COMPILER INVOKED BY: D:\YZ\KEILC51\C51\BIN\C51.EXE User\main.c BROWSE INCDIR(.\App\24c02;.\App\iic;.\App\key;.\App\smg;.
                    -\Public;.\App\ds18b20;.\App\ds1302;.\App\ired;.\App\time;.\App\xpt2046) DEBUG OBJECTEXTEND PRINT(.\Obj\main.lst) OBJECT(
                    -.\Obj\main.obj)

line level    source

   1          /**************************************************************************************
   2          深圳市普中科技有限公司（PRECHIN 普中）
   3          技术支持：www.prechin.net
   4          
   5          实验名称：ADC模数转换实验--外部通道电压采集
   6          接线说明：      
   7          实验现象：下载程序后，数码管上显示AD模块采集外部通道AIN3的电压值
   8          注意事项：                                                                                                                                                                
   9          ***************************************************************************************/
  10          #include "public.h"
  11          #include "smg.h"
  12          #include "xpt2046.h"
  13          
  14          
  15          /*******************************************************************************
  16          * 函 数 名       : main
  17          * 函数功能               : 主函数
  18          * 输    入       : 无
  19          * 输    出       : 无
  20          *******************************************************************************/
  21          void main()
  22          {       
  23   1              u16 adc_value=0;
  24   1              float adc_vol;//ADC电压值
  25   1              u8 adc_buf[3];
  26   1      
  27   1              while(1)
  28   1              {                               
  29   2                      adc_value=xpt2046_read_adc_value(0xE4);//测量外部输入通道AIN3
  30   2                      adc_vol=5.0*adc_value/4096;//将读取的AD值转换为电压
  31   2                      adc_value=adc_vol*10;//放大10倍，即保留小数点后一位
  32   2                      adc_buf[0]=gsmg_code[adc_value/10]|0x80;
  33   2                      adc_buf[1]=gsmg_code[adc_value%10];
  34   2                      adc_buf[2]=0x3e;//显示单位V
  35   2                      smg_display(adc_buf,6);         
  36   2              }               
  37   1      }


MODULE INFORMATION:   STATIC OVERLAYABLE
   CODE SIZE        =    125    ----
   CONSTANT SIZE    =   ----    ----
   XDATA SIZE       =   ----    ----
   PDATA SIZE       =   ----    ----
   DATA SIZE        =   ----       9
   IDATA SIZE       =   ----    ----
   BIT SIZE         =   ----    ----
END OF MODULE INFORMATION.


C51 COMPILATION COMPLETE.  0 WARNING(S),  0 ERROR(S)
