C51 COMPILER V9.01   XPT2046                                                               11/09/2021 16:21:02 PAGE 1   


C51 COMPILER V9.01, COMPILATION OF MODULE XPT2046
OBJECT MODULE PLACED IN .\Obj\xpt2046.obj
COMPILER INVOKED BY: D:\YZ\KEILC51\C51\BIN\C51.EXE App\xpt2046\xpt2046.c BROWSE INCDIR(.\App\24c02;.\App\iic;.\App\key;.
                    -\App\smg;.\Public;.\App\ds18b20;.\App\ds1302;.\App\ired;.\App\time;.\App\xpt2046) DEBUG OBJECTEXTEND PRINT(.\Obj\xpt2046
                    -.lst) OBJECT(.\Obj\xpt2046.obj)

line level    source

   1          #include "xpt2046.h"
   2          #include "intrins.h"
   3          
   4          /*******************************************************************************
   5          * 函 数 名       : xpt2046_wirte_data
   6          * 函数功能               : XPT2046写数据
   7          * 输    入       : dat：写入的数据
   8          * 输    出       : 无
   9          *******************************************************************************/
  10          void xpt2046_wirte_data(u8 dat)
  11          {
  12   1              u8 i;
  13   1      
  14   1              CLK = 0;
  15   1              _nop_();
  16   1              for(i=0;i<8;i++)//循环8次，每次传输一位，共一个字节
  17   1              {
  18   2                      DIN = dat >> 7;//先传高位再传低位
  19   2                      dat <<= 1;//将低位移到高位
  20   2                      CLK = 0;//CLK由低到高产生一个上升沿，从而写入数据
  21   2                      _nop_();        
  22   2                      CLK = 1;
  23   2                      _nop_();
  24   2              }
  25   1      }
  26          
  27          /*******************************************************************************
  28          * 函 数 名       : xpt2046_read_data
  29          * 函数功能               : XPT2046读数据
  30          * 输    入       : 无
  31          * 输    出       : XPT2046返回12位数据
  32          *******************************************************************************/
  33          u16     xpt2046_read_data(void)
  34          {
  35   1              u8 i;
  36   1              u16 dat=0;
  37   1      
  38   1              CLK = 0;
  39   1              _nop_();
  40   1              for(i=0;i<12;i++)//循环12次，每次读取一位，大于一个字节数，所以返回值类型是u16
  41   1              {
  42   2                      dat <<= 1;
  43   2                      CLK = 1;
  44   2                      _nop_();
  45   2                      CLK = 0; //CLK由高到低产生一个下降沿，从而读取数据
  46   2                      _nop_();
  47   2                      dat |= DOUT;//先读取高位，再读取低位。  
  48   2              }
  49   1              return dat;     
  50   1      }
  51          
  52          /*******************************************************************************
  53          * 函 数 名       : xpt2046_read_adc_value
C51 COMPILER V9.01   XPT2046                                                               11/09/2021 16:21:02 PAGE 2   

  54          * 函数功能               : XPT2046读AD数据
  55          * 输    入       : cmd：指令
  56          * 输    出       : XPT2046返回AD值
  57          *******************************************************************************/
  58          u16 xpt2046_read_adc_value(u8 cmd)
  59          {
  60   1              u8 i;
  61   1              u16 adc_value=0;
  62   1      
  63   1              CLK = 0;//先拉低时钟
  64   1              CS  = 0;//使能XPT2046
  65   1              xpt2046_wirte_data(cmd);//发送命令字
  66   1              for(i=6; i>0; i--);//延时等待转换结果
  67   1              CLK = 1;
  68   1              _nop_();
  69   1              CLK = 0;//发送一个时钟，清除BUSY
  70   1              _nop_();
  71   1              adc_value=xpt2046_read_data();
  72   1              CS = 1;//关闭XPT2046
  73   1              return adc_value;
  74   1      }


MODULE INFORMATION:   STATIC OVERLAYABLE
   CODE SIZE        =     88    ----
   CONSTANT SIZE    =   ----    ----
   XDATA SIZE       =   ----    ----
   PDATA SIZE       =   ----    ----
   DATA SIZE        =   ----    ----
   IDATA SIZE       =   ----    ----
   BIT SIZE         =   ----    ----
END OF MODULE INFORMATION.


C51 COMPILATION COMPLETE.  0 WARNING(S),  0 ERROR(S)
