C51 COMPILER V9.01   24C02                                                                 11/27/2021 14:11:25 PAGE 1   


C51 COMPILER V9.01, COMPILATION OF MODULE 24C02
OBJECT MODULE PLACED IN .\Obj\24c02.obj
COMPILER INVOKED BY: D:\YZ\KEILC51\C51\BIN\C51.EXE App\24c02\24c02.c BROWSE INCDIR(.\App\24c02;.\App\iic;.\App\key;.\App
                    -\smg;.\Public) DEBUG OBJECTEXTEND PRINT(.\Obj\24c02.lst) OBJECT(.\Obj\24c02.obj)

line level    source

   1          #include "24c02.h"
   2          #include "iic.h"
   3          
   4          
   5          /*******************************************************************************
   6          * 函 数 名         : at24c02_write_one_byte
   7          * 函数功能                 : 在AT24CXX指定地址写入一个数据
   8          * 输    入         : addr:写入数据的目的地址 
   9                                                   dat:要写入的数据
  10          * 输    出         : 无
  11          *******************************************************************************/
  12          void at24c02_write_one_byte(u8 addr,u8 dat)
  13          {                                                                                                                                                                                
  14   1          iic_start();  
  15   1              iic_write_byte(0XA0);   //发送写命令              
  16   1              iic_wait_ack();    
  17   1          iic_write_byte(addr);       //发送写地址   
  18   1              iic_wait_ack();                                                                                                            
  19   1              iic_write_byte(dat);    //发送字节                                                         
  20   1              iic_wait_ack();                            
  21   1          iic_stop();                         //产生一个停止条件
  22   1              delay_ms(10);    
  23   1      }
  24          
  25          /*******************************************************************************
  26          * 函 数 名         : at24c02_read_one_byte
  27          * 函数功能                 : 在AT24CXX指定地址读出一个数据
  28          * 输    入         : addr:开始读数的地址 
  29          * 输    出         : 读到的数据
  30          *******************************************************************************/
  31          u8 at24c02_read_one_byte(u8 addr)
  32          {                                 
  33   1              u8 temp=0;                                                                                                                                                       
  34   1          iic_start();  
  35   1              iic_write_byte(0XA0);   //发送写命令       
  36   1              iic_wait_ack(); 
  37   1          iic_write_byte(addr);       //发送写地址  
  38   1              iic_wait_ack();     
  39   1              iic_start();               
  40   1              iic_write_byte(0XA1);   //进入接收模式                             
  41   1              iic_wait_ack();  
  42   1          temp=iic_read_byte(0);      //读取字节                 
  43   1          iic_stop();                         //产生一个停止条件    
  44   1              return temp;                    //返回读取的数据
  45   1      }
  46          


MODULE INFORMATION:   STATIC OVERLAYABLE
   CODE SIZE        =     89    ----
   CONSTANT SIZE    =   ----    ----
   XDATA SIZE       =   ----    ----
   PDATA SIZE       =   ----    ----
   DATA SIZE        =   ----       4
C51 COMPILER V9.01   24C02                                                                 11/27/2021 14:11:25 PAGE 2   

   IDATA SIZE       =   ----    ----
   BIT SIZE         =   ----    ----
END OF MODULE INFORMATION.


C51 COMPILATION COMPLETE.  0 WARNING(S),  0 ERROR(S)
