C51 COMPILER V9.01   KEY                                                                   11/27/2021 14:11:26 PAGE 1   


C51 COMPILER V9.01, COMPILATION OF MODULE KEY
OBJECT MODULE PLACED IN .\Obj\key.obj
COMPILER INVOKED BY: D:\YZ\KEILC51\C51\BIN\C51.EXE App\key\key.c BROWSE INCDIR(.\App\24c02;.\App\iic;.\App\key;.\App\smg
                    -;.\Public) DEBUG OBJECTEXTEND PRINT(.\Obj\key.lst) OBJECT(.\Obj\key.obj)

line level    source

   1          #include "key.h"
   2          
   3          /*******************************************************************************
   4          * 函 数 名       : key_scan
   5          * 函数功能               : 检测独立按键是否按下，按下则返回对应键值
   6          * 输    入       : mode=0：单次扫描按键
   7                                             mode=1：连续扫描按键
   8          * 输    出       : KEY1_PRESS：K1按下
   9                                             KEY2_PRESS：K2按下
  10                                             KEY3_PRESS：K3按下
  11                                             KEY4_PRESS：K4按下
  12                                             KEY_UNPRESS：未有按键按下
  13          *******************************************************************************/
  14          u8 key_scan(u8 mode)
  15          {
  16   1              static u8 key=1;
  17   1      
  18   1              if(mode)key=1;//连续扫描按键
  19   1              if(key==1&&(KEY1==0||KEY2==0||KEY3==0||KEY4==0))//任意按键按下
  20   1              {
  21   2                      delay_10us(1000);//消抖
  22   2                      key=0;
  23   2                      if(KEY1==0)
  24   2                              return KEY1_PRESS;
  25   2                      else if(KEY2==0)
  26   2                              return KEY2_PRESS;
  27   2                      else if(KEY3==0)
  28   2                              return KEY3_PRESS;
  29   2                      else if(KEY4==0)
  30   2                              return KEY4_PRESS;      
  31   2              }
  32   1              else if(KEY1==1&&KEY2==1&&KEY3==1&&KEY4==1)     //无按键按下
  33   1              {
  34   2                      key=1;                  
  35   2              }
  36   1              return KEY_UNPRESS;             
  37   1      }


MODULE INFORMATION:   STATIC OVERLAYABLE
   CODE SIZE        =     76    ----
   CONSTANT SIZE    =   ----    ----
   XDATA SIZE       =   ----    ----
   PDATA SIZE       =   ----    ----
   DATA SIZE        =      1    ----
   IDATA SIZE       =   ----    ----
   BIT SIZE         =   ----    ----
END OF MODULE INFORMATION.


C51 COMPILATION COMPLETE.  0 WARNING(S),  0 ERROR(S)
